2025-08-17T02:23:11,391 - Requests4XX.Count:1.0|#Level:Host|#hostname:ashishverma-System-Product-Name,timestamp:1755422591
2025-08-17T02:23:55,989 - ts_inference_requests_total.Count:1.0|#model_name:phishserve,model_version:default|#hostname:ashishverma-System-Product-Name,timestamp:1755422635
2025-08-17T02:27:11,434 - Requests4XX.Count:1.0|#Level:Host|#hostname:ashishverma-System-Product-Name,timestamp:1755422831
2025-08-17T02:30:05,699 - Requests4XX.Count:1.0|#Level:Host|#hostname:ashishverma-System-Product-Name,timestamp:1755423005
2025-08-17T02:30:16,221 - Requests4XX.Count:1.0|#Level:Host|#hostname:ashishverma-System-Product-Name,timestamp:1755423016
2025-08-17T02:30:55,125 - WorkerLoadTime.Milliseconds:793.0|#WorkerName:W-9000-phishserve_1.0,Level:Host|#hostname:ashishverma-System-Product-Name,timestamp:1755423055
2025-08-17T02:30:55,125 - WorkerThreadTime.Milliseconds:1.0|#Level:Host|#hostname:ashishverma-System-Product-Name,timestamp:1755423055
2025-08-17T02:31:01,594 - Requests4XX.Count:1.0|#Level:Host|#hostname:ashishverma-System-Product-Name,timestamp:1755423061
2025-08-17T02:31:17,140 - ts_inference_requests_total.Count:1.0|#model_name:phishserve,model_version:default|#hostname:ashishverma-System-Product-Name,timestamp:1755423077
2025-08-17T02:31:17,210 - Requests2XX.Count:1.0|#Level:Host|#hostname:ashishverma-System-Product-Name,timestamp:1755423077
2025-08-17T02:31:17,210 - ts_inference_latency_microseconds.Microseconds:68192.329|#model_name:phishserve,model_version:default|#hostname:ashishverma-System-Product-Name,timestamp:1755423077
2025-08-17T02:31:17,210 - ts_queue_latency_microseconds.Microseconds:73.942|#model_name:phishserve,model_version:default|#hostname:ashishverma-System-Product-Name,timestamp:1755423077
2025-08-17T02:31:17,210 - QueueTime.Milliseconds:0.0|#Level:Host|#hostname:ashishverma-System-Product-Name,timestamp:1755423077
2025-08-17T02:31:17,210 - WorkerThreadTime.Milliseconds:2.0|#Level:Host|#hostname:ashishverma-System-Product-Name,timestamp:1755423077
2025-08-17T02:34:03,895 - WorkerLoadTime.Milliseconds:779.0|#WorkerName:W-9000-phishserve_1.0,Level:Host|#hostname:ashishverma-System-Product-Name,timestamp:1755423243
2025-08-17T02:34:03,896 - WorkerThreadTime.Milliseconds:2.0|#Level:Host|#hostname:ashishverma-System-Product-Name,timestamp:1755423243
2025-08-17T02:34:41,642 - ts_inference_requests_total.Count:1.0|#model_name:phishserve,model_version:default|#hostname:ashishverma-System-Product-Name,timestamp:1755423281
2025-08-17T02:34:41,714 - Requests2XX.Count:1.0|#Level:Host|#hostname:ashishverma-System-Product-Name,timestamp:1755423281
2025-08-17T02:34:41,714 - ts_inference_latency_microseconds.Microseconds:70433.678|#model_name:phishserve,model_version:default|#hostname:ashishverma-System-Product-Name,timestamp:1755423281
2025-08-17T02:34:41,714 - ts_queue_latency_microseconds.Microseconds:115.185|#model_name:phishserve,model_version:default|#hostname:ashishverma-System-Product-Name,timestamp:1755423281
2025-08-17T02:34:41,714 - QueueTime.Milliseconds:0.0|#Level:Host|#hostname:ashishverma-System-Product-Name,timestamp:1755423281
2025-08-17T02:34:41,714 - WorkerThreadTime.Milliseconds:1.0|#Level:Host|#hostname:ashishverma-System-Product-Name,timestamp:1755423281
2025-08-17T02:54:25,749 - ts_inference_requests_total.Count:1.0|#model_name:phishserve,model_version:default|#hostname:ashishverma-System-Product-Name,timestamp:1755424465
2025-08-17T02:54:25,764 - Requests2XX.Count:1.0|#Level:Host|#hostname:ashishverma-System-Product-Name,timestamp:1755424465
2025-08-17T02:54:25,764 - ts_inference_latency_microseconds.Microseconds:14895.362|#model_name:phishserve,model_version:default|#hostname:ashishverma-System-Product-Name,timestamp:1755424465
2025-08-17T02:54:25,764 - ts_queue_latency_microseconds.Microseconds:39.945|#model_name:phishserve,model_version:default|#hostname:ashishverma-System-Product-Name,timestamp:1755424465
2025-08-17T02:54:25,764 - QueueTime.Milliseconds:0.0|#Level:Host|#hostname:ashishverma-System-Product-Name,timestamp:1755424465
2025-08-17T02:54:25,765 - WorkerThreadTime.Milliseconds:0.0|#Level:Host|#hostname:ashishverma-System-Product-Name,timestamp:1755424465
